WARNING 2019-10-21 17:28:46,708 base 152 Not Found: /
WARNING 2019-10-21 17:28:46,709 basehttp 124 "GET / HTTP/1.1" 404 2350
WARNING 2019-10-21 17:28:46,849 base 152 Not Found: /favicon.ico
WARNING 2019-10-21 17:28:46,850 basehttp 124 "GET /favicon.ico HTTP/1.1" 404 2401
WARNING 2019-10-21 17:35:05,444 base 152 Not Found: /
WARNING 2019-10-21 17:35:05,445 basehttp 124 "GET / HTTP/1.1" 404 2350
INFO 2019-10-21 17:37:17,383 views 43 图片验证码是：XARB
INFO 2019-10-21 17:37:17,387 basehttp 124 "GET /api/v1.0/imagecode?cur=9dd10c3d-64fa-48c6-9bfd-0b11212e2aaf&pre= HTTP/1.1" 200 3541
INFO 2019-10-21 17:37:21,097 views 43 图片验证码是：LA6A
INFO 2019-10-21 17:37:21,099 basehttp 124 "GET /api/v1.0/imagecode?cur=d86a4883-4b21-4f86-9511-b8dc71f9b88f&pre=9dd10c3d-64fa-48c6-9bfd-0b11212e2aaf HTTP/1.1" 200 3081
INFO 2019-10-21 17:37:21,514 views 43 图片验证码是：CNLC
INFO 2019-10-21 17:37:21,516 basehttp 124 "GET /api/v1.0/imagecode?cur=47f98bd3-924c-43a6-a585-57fb1e5911d4&pre=d86a4883-4b21-4f86-9511-b8dc71f9b88f HTTP/1.1" 200 3319
INFO 2019-10-21 17:38:50,679 views 43 图片验证码是：MNHJ
INFO 2019-10-21 17:38:50,680 basehttp 124 "GET /api/v1.0/imagecode?cur=58595968-3697-4d2b-9506-307fe878b2ab&pre= HTTP/1.1" 200 3137
INFO 2019-10-21 17:38:54,849 views 43 图片验证码是：OIKA
INFO 2019-10-21 17:38:54,851 basehttp 124 "GET /api/v1.0/imagecode?cur=87e641ae-2451-4ffe-9a47-b695be80e722&pre=58595968-3697-4d2b-9506-307fe878b2ab HTTP/1.1" 200 3375
INFO 2019-10-21 17:38:56,192 views 43 图片验证码是：LTDZ
INFO 2019-10-21 17:38:56,194 basehttp 124 "GET /api/v1.0/imagecode?cur=0b197cad-497f-45f0-97bf-28082da384ed&pre=87e641ae-2451-4ffe-9a47-b695be80e722 HTTP/1.1" 200 3012
INFO 2019-10-21 17:38:56,372 views 43 图片验证码是：ZEXG
INFO 2019-10-21 17:38:56,374 basehttp 124 "GET /api/v1.0/imagecode?cur=6d787a61-79b8-43a4-928b-650a56ce0bc7&pre=0b197cad-497f-45f0-97bf-28082da384ed HTTP/1.1" 200 3218
INFO 2019-10-21 17:38:56,534 views 43 图片验证码是：GRQV
INFO 2019-10-21 17:38:56,536 basehttp 124 "GET /api/v1.0/imagecode?cur=9b582bcf-bb61-408f-a393-8600312ce4bf&pre=6d787a61-79b8-43a4-928b-650a56ce0bc7 HTTP/1.1" 200 3314
INFO 2019-10-21 17:38:56,688 views 43 图片验证码是：APSQ
INFO 2019-10-21 17:38:56,689 basehttp 124 "GET /api/v1.0/imagecode?cur=370ebb2d-e646-42a4-a1cb-b4273fcb94bf&pre=9b582bcf-bb61-408f-a393-8600312ce4bf HTTP/1.1" 200 3226
INFO 2019-10-21 17:40:06,433 views 43 图片验证码是：OCB8
INFO 2019-10-21 17:40:06,436 basehttp 124 "GET /api/v1.0/imagecode?cur=8b036777-e69e-4e30-95cf-e61c1833117e&pre=370ebb2d-e646-42a4-a1cb-b4273fcb94bf HTTP/1.1" 200 3322
INFO 2019-10-21 17:41:19,526 views 43 图片验证码是：F3RL
INFO 2019-10-21 17:41:19,529 basehttp 124 "GET /api/v1.0/imagecode?cur=3c7a875e-69fd-4dc8-9033-34517652845c&pre=8b036777-e69e-4e30-95cf-e61c1833117e HTTP/1.1" 200 3045
INFO 2019-10-21 17:41:59,751 views 43 图片验证码是：WHGY
INFO 2019-10-21 17:41:59,752 basehttp 124 "GET /api/v1.0/imagecode?cur=fcd40aed-c8d5-413f-8c1f-ebd385c95a45&pre= HTTP/1.1" 200 3175
INFO 2019-10-21 17:42:41,598 views 43 图片验证码是：GRSV
INFO 2019-10-21 17:42:41,603 basehttp 124 "GET /api/v1.0/imagecode?cur=2103303d-fdb4-4297-9d7c-36758562ca4d&pre= HTTP/1.1" 200 3331
INFO 2019-10-21 17:42:46,540 views 43 图片验证码是：ONP5
INFO 2019-10-21 17:42:46,542 basehttp 124 "GET /api/v1.0/imagecode?cur=e4729f99-41ec-4683-ae6a-8ca5aecca20e&pre= HTTP/1.1" 200 3590
INFO 2019-10-21 17:43:22,528 views 43 图片验证码是：FYZD
INFO 2019-10-21 17:43:22,533 basehttp 124 "GET /api/v1.0/imagecode?cur=17690216-929b-4723-bd49-ca8b47cda3bc&pre= HTTP/1.1" 200 3215
INFO 2019-10-21 17:43:38,119 basehttp 124 "OPTIONS /api/v1.0/sms HTTP/1.1" 200 0
INFO 2019-10-21 17:43:38,124 views 101 短信验证码是:103044
INFO 2019-10-21 17:43:38,125 basehttp 124 "POST /api/v1.0/sms HTTP/1.1" 200 64
INFO 2019-10-21 17:45:57,753 views 43 图片验证码是：KQHX
INFO 2019-10-21 17:45:57,757 basehttp 124 "GET /api/v1.0/imagecode?cur=627dbd8a-a921-4f9b-9ddc-befd17407104&pre=9a3123a9-9ae8-4ebb-9cf6-7aaa94a37021 HTTP/1.1" 200 3671
INFO 2019-10-21 17:46:05,668 views 43 图片验证码是：XVPW
INFO 2019-10-21 17:46:05,675 basehttp 124 "GET /api/v1.0/imagecode?cur=41415ba9-1188-403b-a5bf-a1e0985421c1&pre=627dbd8a-a921-4f9b-9ddc-befd17407104 HTTP/1.1" 200 3071
INFO 2019-10-21 17:46:18,883 views 43 图片验证码是：YR8V
INFO 2019-10-21 17:46:18,885 basehttp 124 "GET /api/v1.0/imagecode?cur=e220f842-ca90-4068-959e-76b4a601bd53&pre=41415ba9-1188-403b-a5bf-a1e0985421c1 HTTP/1.1" 200 2924
INFO 2019-10-21 17:46:19,476 views 43 图片验证码是：ZTQ5
INFO 2019-10-21 17:46:19,478 basehttp 124 "GET /api/v1.0/imagecode?cur=7a95c89a-3c63-48fa-8e23-d6bf57b34ac1&pre=e220f842-ca90-4068-959e-76b4a601bd53 HTTP/1.1" 200 2831
INFO 2019-10-21 17:46:19,922 views 43 图片验证码是：CL3T
INFO 2019-10-21 17:46:19,924 basehttp 124 "GET /api/v1.0/imagecode?cur=ec76b114-3385-422d-8c46-c5fb6f4bdf43&pre=7a95c89a-3c63-48fa-8e23-d6bf57b34ac1 HTTP/1.1" 200 2821
INFO 2019-10-21 17:46:20,305 views 43 图片验证码是：3RO8
INFO 2019-10-21 17:46:20,306 basehttp 124 "GET /api/v1.0/imagecode?cur=091b6fca-1d82-49b1-a9f7-34b3bb7923ba&pre=ec76b114-3385-422d-8c46-c5fb6f4bdf43 HTTP/1.1" 200 3370
INFO 2019-10-21 17:46:22,445 views 43 图片验证码是：DVC8
INFO 2019-10-21 17:46:22,447 basehttp 124 "GET /api/v1.0/imagecode?cur=3cf8fbd6-06f8-4e66-8fca-a66ffb25eed3&pre= HTTP/1.1" 200 3304
INFO 2019-10-21 17:46:23,709 views 43 图片验证码是：TUGR
INFO 2019-10-21 17:46:23,711 basehttp 124 "GET /api/v1.0/imagecode?cur=c9ea0399-79b6-41de-b6e9-f85512b0e238&pre=3cf8fbd6-06f8-4e66-8fca-a66ffb25eed3 HTTP/1.1" 200 3063
INFO 2019-10-21 17:46:24,286 views 43 图片验证码是：IL8Z
INFO 2019-10-21 17:46:24,288 basehttp 124 "GET /api/v1.0/imagecode?cur=47f63347-9536-4b83-a8f9-9b670d4b9f60&pre=c9ea0399-79b6-41de-b6e9-f85512b0e238 HTTP/1.1" 200 3258
INFO 2019-10-21 17:46:24,635 views 43 图片验证码是：VCKT
INFO 2019-10-21 17:46:24,637 basehttp 124 "GET /api/v1.0/imagecode?cur=5496bcc7-d623-423e-89d9-34ca0f2acb97&pre=47f63347-9536-4b83-a8f9-9b670d4b9f60 HTTP/1.1" 200 3269
INFO 2019-10-21 17:47:27,463 views 43 图片验证码是：XQDI
INFO 2019-10-21 17:47:27,465 basehttp 124 "GET /api/v1.0/imagecode?cur=d859a26b-63cb-4e41-b691-1814fcff0539&pre= HTTP/1.1" 200 3056
INFO 2019-10-21 17:47:47,909 views 101 短信验证码是:127766
INFO 2019-10-21 17:47:47,911 basehttp 124 "POST /api/v1.0/sms HTTP/1.1" 200 64
INFO 2019-10-21 17:47:57,948 basehttp 124 "OPTIONS /api/v1.0/users HTTP/1.1" 200 0
INFO 2019-10-21 17:47:58,008 basehttp 124 "POST /api/v1.0/users HTTP/1.1" 200 52
INFO 2019-10-21 17:48:16,564 views 43 图片验证码是：4CWQ
INFO 2019-10-21 17:48:16,567 basehttp 124 "GET /api/v1.0/imagecode?cur=de9952a6-58e3-4486-9b11-2912148f0a1c&pre= HTTP/1.1" 200 3244
INFO 2019-10-21 17:49:19,797 views 43 图片验证码是：9XFK
INFO 2019-10-21 17:49:19,801 basehttp 124 "GET /api/v1.0/imagecode?cur=2cf4b756-e506-47f2-a3c7-f250608e0511&pre= HTTP/1.1" 200 3153
INFO 2019-10-21 17:49:19,808 views 43 图片验证码是：NNVX
INFO 2019-10-21 17:49:19,809 basehttp 124 "GET /api/v1.0/imagecode?cur=8588f802-b224-46e8-8873-e2a1ab641bc2&pre= HTTP/1.1" 200 3520
INFO 2019-10-21 17:49:28,335 views 43 图片验证码是：G4WQ
INFO 2019-10-21 17:49:28,337 basehttp 124 "GET /api/v1.0/imagecode?cur=c78df265-5eeb-42eb-b793-68e917320e81&pre= HTTP/1.1" 200 3704
INFO 2019-10-21 17:49:35,954 views 43 图片验证码是：NIZT
INFO 2019-10-21 17:49:35,955 basehttp 124 "GET /api/v1.0/imagecode?cur=8d862b2f-3eb2-4084-b8e5-6aeebb1fb7f6&pre=c78df265-5eeb-42eb-b793-68e917320e81 HTTP/1.1" 200 2618
INFO 2019-10-21 17:49:43,000 views 101 短信验证码是:370030
INFO 2019-10-21 17:49:43,002 basehttp 124 "POST /api/v1.0/sms HTTP/1.1" 200 64
INFO 2019-10-21 17:49:54,147 basehttp 124 "OPTIONS /api/v1.0/users HTTP/1.1" 200 0
INFO 2019-10-21 17:49:54,200 basehttp 124 "POST /api/v1.0/users HTTP/1.1" 200 52
INFO 2019-10-21 17:51:16,405 views 43 图片验证码是：A4AM
INFO 2019-10-21 17:51:16,406 basehttp 124 "GET /api/v1.0/imagecode?cur=9b637a09-8d98-4f4b-b9b8-df86aa4ec642&pre= HTTP/1.1" 200 2932
INFO 2019-10-21 17:53:23,062 basehttp 124 "OPTIONS /api/v1.0/session HTTP/1.1" 200 0
INFO 2019-10-21 17:53:23,119 basehttp 124 "POST /api/v1.0/session HTTP/1.1" 200 52
INFO 2019-10-21 17:55:50,798 basehttp 124 "GET /api/v1.0/session HTTP/1.1" 200 61
INFO 2019-10-21 17:55:56,341 basehttp 124 "GET /api/v1.0/session HTTP/1.1" 200 61
INFO 2019-10-21 17:56:02,199 basehttp 124 "GET /api/v1.0/session HTTP/1.1" 200 61
INFO 2019-10-21 17:56:57,436 basehttp 124 "GET /api/v1.0/session HTTP/1.1" 200 61
INFO 2019-10-21 17:57:14,213 basehttp 124 "POST /api/v1.0/session HTTP/1.1" 200 52
INFO 2019-10-21 17:57:31,492 basehttp 124 "GET /api/v1.0/session HTTP/1.1" 200 61
INFO 2019-10-21 18:03:13,014 basehttp 124 "GET /api/v1.0/session HTTP/1.1" 200 61
INFO 2019-10-21 18:03:34,780 basehttp 124 "GET /api/v1.0/session HTTP/1.1" 200 61
INFO 2019-10-21 18:04:42,617 basehttp 124 "GET /api/v1.0/session HTTP/1.1" 200 61
INFO 2019-10-21 18:04:49,967 basehttp 124 "GET /api/v1.0/session HTTP/1.1" 200 61
INFO 2019-10-21 18:04:58,460 basehttp 124 "GET /api/v1.0/session HTTP/1.1" 200 61
INFO 2019-10-21 18:06:02,186 basehttp 124 "GET /api/v1.0/session HTTP/1.1" 200 61
INFO 2019-10-21 18:06:27,557 basehttp 124 "GET /api/v1.0/session HTTP/1.1" 200 61
INFO 2019-10-21 18:09:52,391 basehttp 124 "GET /api/v1.0/session HTTP/1.1" 200 61
INFO 2019-10-21 18:12:44,530 basehttp 124 "GET /api/v1.0/session HTTP/1.1" 200 61
INFO 2019-10-21 18:12:44,542 basehttp 124 "GET /api/v1.0/session HTTP/1.1" 200 61
INFO 2019-10-21 18:12:53,562 basehttp 124 "GET /api/v1.0/session HTTP/1.1" 200 61
INFO 2019-10-21 18:12:53,574 basehttp 124 "GET /api/v1.0/session HTTP/1.1" 200 61
INFO 2019-10-21 18:13:11,093 basehttp 124 "GET /api/v1.0/session HTTP/1.1" 200 86
INFO 2019-10-21 18:13:16,855 basehttp 124 "GET /api/v1.0/session HTTP/1.1" 200 86
INFO 2019-10-21 18:13:39,935 basehttp 124 "GET /api/v1.0/session HTTP/1.1" 200 86
INFO 2019-10-21 18:15:20,988 basehttp 124 "GET /api/v1.0/session HTTP/1.1" 200 86
INFO 2019-10-21 18:16:23,484 basehttp 124 "DELETE /api/v1.0/session HTTP/1.1" 200 52
INFO 2019-10-21 18:16:23,567 basehttp 124 "GET /api/v1.0/session HTTP/1.1" 200 86
INFO 2019-10-21 18:17:17,959 basehttp 124 "GET /api/v1.0/session HTTP/1.1" 200 86
INFO 2019-10-21 18:17:18,211 basehttp 124 "GET /api/v1.0/session HTTP/1.1" 200 86
INFO 2019-10-21 18:17:19,066 basehttp 124 "GET /api/v1.0/session HTTP/1.1" 200 86
INFO 2019-10-21 18:17:21,480 basehttp 124 "DELETE /api/v1.0/session HTTP/1.1" 200 52
INFO 2019-10-21 18:17:21,541 basehttp 124 "GET /api/v1.0/session HTTP/1.1" 200 61
INFO 2019-10-21 18:17:41,258 basehttp 124 "POST /api/v1.0/session HTTP/1.1" 200 52
INFO 2019-10-21 18:17:41,358 basehttp 124 "GET /api/v1.0/session HTTP/1.1" 200 86
INFO 2019-10-21 18:17:48,033 basehttp 124 "DELETE /api/v1.0/session HTTP/1.1" 200 52
INFO 2019-10-21 18:17:48,091 basehttp 124 "GET /api/v1.0/session HTTP/1.1" 200 61
INFO 2019-10-21 18:19:10,703 basehttp 124 "GET /api/v1.0/session HTTP/1.1" 200 61
INFO 2019-10-21 18:19:11,665 basehttp 124 "GET /api/v1.0/session HTTP/1.1" 200 61
INFO 2019-10-21 18:19:19,689 basehttp 124 "POST /api/v1.0/session HTTP/1.1" 200 52
INFO 2019-10-21 18:19:19,791 basehttp 124 "GET /api/v1.0/session HTTP/1.1" 200 86
INFO 2019-10-21 18:19:22,981 basehttp 124 "DELETE /api/v1.0/session HTTP/1.1" 200 52
INFO 2019-10-21 18:19:23,043 basehttp 124 "GET /api/v1.0/session HTTP/1.1" 200 61
INFO 2019-10-21 18:22:44,075 basehttp 124 "GET /api/v1.0/session HTTP/1.1" 200 61
INFO 2019-10-21 18:22:58,173 basehttp 124 "GET /api/v1.0/session HTTP/1.1" 200 61
INFO 2019-10-21 18:23:11,764 basehttp 124 "GET /api/v1.0/session HTTP/1.1" 200 61
INFO 2019-10-21 18:23:31,081 basehttp 124 "GET /api/v1.0/session HTTP/1.1" 200 61
INFO 2019-10-21 18:23:31,260 basehttp 124 "GET /api/v1.0/session HTTP/1.1" 200 61
INFO 2019-10-21 18:23:37,744 basehttp 124 "GET /api/v1.0/session HTTP/1.1" 200 61
INFO 2019-10-21 18:23:41,072 basehttp 124 "GET /api/v1.0/session HTTP/1.1" 200 61
INFO 2019-10-21 18:23:44,385 basehttp 124 "GET /api/v1.0/session HTTP/1.1" 200 61
INFO 2019-10-21 18:23:56,363 basehttp 124 "OPTIONS /api/v1.0/session HTTP/1.1" 200 0
INFO 2019-10-21 18:23:56,465 basehttp 124 "POST /api/v1.0/session HTTP/1.1" 200 52
INFO 2019-10-21 18:23:56,627 basehttp 124 "GET /api/v1.0/session HTTP/1.1" 200 86
INFO 2019-10-21 18:26:39,767 basehttp 124 "GET /api/v1.0/user HTTP/1.1" 200 212
INFO 2019-10-21 18:26:39,954 basehttp 124 "GET /api/v1.0/user HTTP/1.1" 200 212
INFO 2019-10-21 18:26:54,121 basehttp 124 "GET /api/v1.0/user HTTP/1.1" 200 212
INFO 2019-10-21 18:27:49,828 basehttp 124 "GET /api/v1.0/user HTTP/1.1" 200 212
INFO 2019-10-21 18:30:12,234 basehttp 124 "GET /api/v1.0/user HTTP/1.1" 200 212
INFO 2019-10-21 18:30:16,310 basehttp 124 "GET /api/v1.0/user HTTP/1.1" 200 212
INFO 2019-10-21 18:30:17,389 basehttp 124 "POST /api/v1.0/user/avatar HTTP/1.1" 200 55
INFO 2019-10-21 18:30:29,588 basehttp 124 "POST /api/v1.0/user/avatar HTTP/1.1" 200 119
INFO 2019-10-21 18:31:19,184 basehttp 124 "GET /api/v1.0/user HTTP/1.1" 200 212
INFO 2019-10-21 18:31:22,939 basehttp 124 "GET /api/v1.0/user HTTP/1.1" 200 212
INFO 2019-10-21 18:32:01,837 basehttp 124 "GET /api/v1.0/user HTTP/1.1" 200 212
INFO 2019-10-21 18:32:06,930 basehttp 124 "OPTIONS /api/v1.0/user/name HTTP/1.1" 200 0
INFO 2019-10-21 18:32:06,973 basehttp 124 "PUT /api/v1.0/user/name HTTP/1.1" 200 52
INFO 2019-10-21 18:32:10,773 basehttp 124 "GET /api/v1.0/user HTTP/1.1" 200 214
INFO 2019-10-21 18:34:02,188 basehttp 124 "GET /api/v1.0/user HTTP/1.1" 200 214
INFO 2019-10-21 18:34:09,301 basehttp 124 "GET /api/v1.0/user HTTP/1.1" 200 214
INFO 2019-10-21 18:34:19,050 basehttp 124 "GET /api/v1.0/user HTTP/1.1" 200 214
INFO 2019-10-21 18:34:29,230 basehttp 124 "GET /api/v1.0/user HTTP/1.1" 200 214
INFO 2019-10-21 18:34:53,381 basehttp 124 "GET /api/v1.0/user HTTP/1.1" 200 214
INFO 2019-10-21 18:38:47,861 basehttp 124 "GET /api/v1.0/user/auth HTTP/1.1" 200 148
INFO 2019-10-21 18:38:53,518 basehttp 124 "GET /api/v1.0/user/auth HTTP/1.1" 200 148
INFO 2019-10-21 18:38:55,823 basehttp 124 "GET /api/v1.0/user HTTP/1.1" 200 214
INFO 2019-10-21 18:38:58,942 basehttp 124 "GET /api/v1.0/session HTTP/1.1" 200 88
INFO 2019-10-21 18:39:01,258 basehttp 124 "GET /api/v1.0/user HTTP/1.1" 200 214
INFO 2019-10-21 18:39:04,559 basehttp 124 "OPTIONS /api/v1.0/session HTTP/1.1" 200 0
INFO 2019-10-21 18:39:04,601 basehttp 124 "DELETE /api/v1.0/session HTTP/1.1" 200 52
INFO 2019-10-21 18:39:04,719 basehttp 124 "GET /api/v1.0/session HTTP/1.1" 200 61
INFO 2019-10-21 18:39:11,989 basehttp 124 "GET /api/v1.0/session HTTP/1.1" 200 61
INFO 2019-10-21 18:39:25,688 basehttp 124 "OPTIONS /api/v1.0/session HTTP/1.1" 200 0
INFO 2019-10-21 18:39:25,732 basehttp 124 "POST /api/v1.0/session HTTP/1.1" 200 91
INFO 2019-10-21 18:39:33,302 basehttp 124 "OPTIONS /api/v1.0/session HTTP/1.1" 200 0
INFO 2019-10-21 18:39:33,341 basehttp 124 "POST /api/v1.0/session HTTP/1.1" 200 91
INFO 2019-10-21 18:39:47,683 basehttp 124 "OPTIONS /api/v1.0/session HTTP/1.1" 200 0
INFO 2019-10-21 18:39:47,769 basehttp 124 "POST /api/v1.0/session HTTP/1.1" 200 52
INFO 2019-10-21 18:39:47,916 basehttp 124 "GET /api/v1.0/session HTTP/1.1" 200 93
INFO 2019-10-21 18:39:51,492 basehttp 124 "GET /api/v1.0/user HTTP/1.1" 200 219
INFO 2019-10-21 18:39:55,460 basehttp 124 "GET /api/v1.0/user/auth HTTP/1.1" 200 148
INFO 2019-10-21 18:39:59,572 basehttp 124 "GET /api/v1.0/user HTTP/1.1" 200 219
INFO 2019-10-21 18:40:00,737 basehttp 124 "GET /api/v1.0/session HTTP/1.1" 200 93
INFO 2019-10-21 18:40:02,058 basehttp 124 "GET /api/v1.0/user HTTP/1.1" 200 219
INFO 2019-10-21 18:40:04,464 basehttp 124 "OPTIONS /api/v1.0/session HTTP/1.1" 200 0
INFO 2019-10-21 18:40:04,502 basehttp 124 "DELETE /api/v1.0/session HTTP/1.1" 200 52
INFO 2019-10-21 18:40:04,615 basehttp 124 "GET /api/v1.0/session HTTP/1.1" 200 61
INFO 2019-10-21 18:40:06,818 views 43 图片验证码是：REKG
INFO 2019-10-21 18:40:06,825 basehttp 124 "GET /api/v1.0/imagecode?cur=99f9853b-3fd6-41d8-9b86-5c7e15dcb5d7&pre= HTTP/1.1" 200 3278
INFO 2019-10-21 18:40:14,853 basehttp 124 "OPTIONS /api/v1.0/sms HTTP/1.1" 200 0
INFO 2019-10-21 18:40:14,867 views 101 短信验证码是:321220
INFO 2019-10-21 18:40:14,871 basehttp 124 "POST /api/v1.0/sms HTTP/1.1" 200 64
INFO 2019-10-21 18:40:24,586 basehttp 124 "OPTIONS /api/v1.0/users HTTP/1.1" 200 0
INFO 2019-10-21 18:40:24,671 basehttp 124 "POST /api/v1.0/users HTTP/1.1" 200 52
INFO 2019-10-21 18:40:24,821 basehttp 124 "GET /api/v1.0/session HTTP/1.1" 200 93
INFO 2019-10-21 18:40:27,012 basehttp 124 "GET /api/v1.0/user HTTP/1.1" 200 191
INFO 2019-10-21 18:40:30,779 basehttp 124 "GET /api/v1.0/user/auth HTTP/1.1" 200 122
INFO 2019-10-21 18:40:33,617 basehttp 124 "GET /api/v1.0/user HTTP/1.1" 200 191
INFO 2019-10-21 18:40:36,636 basehttp 124 "GET /api/v1.0/user/auth HTTP/1.1" 200 122
INFO 2019-10-21 18:40:50,280 basehttp 124 "OPTIONS /api/v1.0/user/auth HTTP/1.1" 200 0
INFO 2019-10-21 18:40:50,325 basehttp 124 "POST /api/v1.0/user/auth HTTP/1.1" 200 79
INFO 2019-10-21 18:40:58,835 basehttp 124 "OPTIONS /api/v1.0/user/auth HTTP/1.1" 200 0
INFO 2019-10-21 18:40:58,872 basehttp 124 "POST /api/v1.0/user/auth HTTP/1.1" 200 79
INFO 2019-10-21 18:41:14,138 basehttp 124 "OPTIONS /api/v1.0/user/auth HTTP/1.1" 200 0
INFO 2019-10-21 18:41:14,182 basehttp 124 "POST /api/v1.0/user/auth HTTP/1.1" 200 76
INFO 2019-10-21 18:41:19,265 basehttp 124 "GET /api/v1.0/user HTTP/1.1" 200 191
INFO 2019-10-21 18:41:20,900 basehttp 124 "GET /api/v1.0/user/auth HTTP/1.1" 200 140
INFO 2019-10-21 18:41:22,394 basehttp 124 "GET /api/v1.0/user HTTP/1.1" 200 191
INFO 2019-10-21 18:43:49,673 basehttp 124 "GET /api/v1.0/user HTTP/1.1" 200 191
INFO 2019-10-21 18:45:39,273 basehttp 124 "GET /api/v1.0/user HTTP/1.1" 200 191
INFO 2019-10-21 18:46:58,703 basehttp 124 "GET /api/v1.0/user HTTP/1.1" 200 191
INFO 2019-10-21 18:47:00,884 basehttp 124 "GET /api/v1.0/areas HTTP/1.1" 200 719
INFO 2019-10-21 18:47:00,898 basehttp 124 "GET /api/v1.0/session HTTP/1.1" 200 93
INFO 2019-10-21 18:47:04,052 basehttp 124 "GET /api/v1.0/areas HTTP/1.1" 200 719
INFO 2019-10-21 18:47:04,073 basehttp 124 "GET /api/v1.0/session HTTP/1.1" 200 93
INFO 2019-10-21 18:47:08,143 basehttp 124 "GET /api/v1.0/areas HTTP/1.1" 200 719
INFO 2019-10-21 18:47:08,170 basehttp 124 "GET /api/v1.0/session HTTP/1.1" 200 93
INFO 2019-10-21 18:47:41,661 basehttp 124 "GET /api/v1.0/user HTTP/1.1" 200 191
INFO 2019-10-21 18:47:42,958 basehttp 124 "GET /api/v1.0/areas HTTP/1.1" 200 719
INFO 2019-10-21 18:47:42,987 basehttp 124 "GET /api/v1.0/session HTTP/1.1" 200 93
INFO 2019-10-21 18:47:51,498 basehttp 124 "GET /api/v1.0/user HTTP/1.1" 200 191
INFO 2019-10-21 18:47:52,569 basehttp 124 "GET /api/v1.0/user/auth HTTP/1.1" 200 140
INFO 2019-10-21 18:47:55,384 basehttp 124 "GET /api/v1.0/user HTTP/1.1" 200 191
INFO 2019-10-21 18:47:56,147 basehttp 124 "GET /api/v1.0/areas HTTP/1.1" 200 719
INFO 2019-10-21 18:47:56,166 basehttp 124 "GET /api/v1.0/session HTTP/1.1" 200 93
INFO 2019-10-21 18:49:12,449 basehttp 124 "GET /api/v1.0/areas HTTP/1.1" 200 719
INFO 2019-10-21 18:49:12,467 basehttp 124 "GET /api/v1.0/session HTTP/1.1" 200 93
INFO 2019-10-21 18:49:12,743 basehttp 124 "GET /api/v1.0/areas HTTP/1.1" 200 719
INFO 2019-10-21 18:49:12,765 basehttp 124 "GET /api/v1.0/session HTTP/1.1" 200 93
INFO 2019-10-21 18:49:56,372 basehttp 124 "GET /api/v1.0/areas HTTP/1.1" 200 719
INFO 2019-10-21 18:49:56,394 basehttp 124 "GET /api/v1.0/session HTTP/1.1" 200 93
INFO 2019-10-21 18:50:36,525 basehttp 124 "GET /api/v1.0/areas HTTP/1.1" 200 719
INFO 2019-10-21 18:50:36,543 basehttp 124 "GET /api/v1.0/session HTTP/1.1" 200 93
INFO 2019-10-21 18:50:41,802 basehttp 124 "GET /api/v1.0/user HTTP/1.1" 200 191
INFO 2019-10-21 18:50:44,338 basehttp 124 "GET /api/v1.0/user/auth HTTP/1.1" 200 61
INFO 2019-10-21 18:50:59,620 basehttp 124 "OPTIONS /api/v1.0/session HTTP/1.1" 200 0
INFO 2019-10-21 18:50:59,700 basehttp 124 "POST /api/v1.0/session HTTP/1.1" 200 91
INFO 2019-10-21 18:51:05,069 basehttp 124 "OPTIONS /api/v1.0/session HTTP/1.1" 200 0
INFO 2019-10-21 18:51:05,156 basehttp 124 "POST /api/v1.0/session HTTP/1.1" 200 52
INFO 2019-10-21 18:51:05,307 basehttp 124 "GET /api/v1.0/areas HTTP/1.1" 200 719
INFO 2019-10-21 18:51:05,329 basehttp 124 "GET /api/v1.0/session HTTP/1.1" 200 93
INFO 2019-10-21 18:51:06,694 basehttp 124 "GET /api/v1.0/user HTTP/1.1" 200 191
INFO 2019-10-21 18:51:09,047 basehttp 124 "GET /api/v1.0/user/auth HTTP/1.1" 200 61
INFO 2019-10-21 18:55:13,195 basehttp 124 "OPTIONS /api/v1.0/session HTTP/1.1" 200 0
INFO 2019-10-21 18:55:13,263 basehttp 124 "POST /api/v1.0/session HTTP/1.1" 200 91
INFO 2019-10-21 18:55:18,724 basehttp 124 "OPTIONS /api/v1.0/session HTTP/1.1" 200 0
INFO 2019-10-21 18:55:18,805 basehttp 124 "POST /api/v1.0/session HTTP/1.1" 200 52
INFO 2019-10-21 18:55:18,964 basehttp 124 "GET /api/v1.0/areas HTTP/1.1" 200 719
INFO 2019-10-21 18:55:19,028 basehttp 124 "GET /api/v1.0/session HTTP/1.1" 200 93
INFO 2019-10-21 18:55:19,043 basehttp 124 "GET /api/v1.0/houses/index HTTP/1.1" 200 1193
INFO 2019-10-21 18:55:27,603 basehttp 124 "GET /api/v1.0/user HTTP/1.1" 200 191
INFO 2019-10-21 18:55:29,373 basehttp 124 "GET /api/v1.0/user/auth HTTP/1.1" 200 61
INFO 2019-10-21 18:56:15,814 basehttp 124 "GET /api/v1.0/user HTTP/1.1" 200 191
INFO 2019-10-21 18:56:16,315 basehttp 124 "GET /api/v1.0/houses/index HTTP/1.1" 200 1193
INFO 2019-10-21 18:56:16,319 basehttp 124 "GET /api/v1.0/areas HTTP/1.1" 200 719
INFO 2019-10-21 18:56:16,341 basehttp 124 "GET /api/v1.0/session HTTP/1.1" 200 93
INFO 2019-10-21 18:56:21,983 basehttp 124 "GET /api/v1.0/user HTTP/1.1" 200 191
INFO 2019-10-21 18:56:23,566 basehttp 124 "GET /api/v1.0/user/auth HTTP/1.1" 200 122
INFO 2019-10-21 18:56:25,059 basehttp 124 "GET /api/v1.0/user/auth HTTP/1.1" 200 122
INFO 2019-10-21 18:56:40,744 basehttp 124 "OPTIONS /api/v1.0/user/auth HTTP/1.1" 200 0
INFO 2019-10-21 18:56:40,794 basehttp 124 "POST /api/v1.0/user/auth HTTP/1.1" 200 76
INFO 2019-10-21 18:56:43,966 basehttp 124 "GET /api/v1.0/user HTTP/1.1" 200 191
INFO 2019-10-21 18:56:45,500 basehttp 124 "GET /api/v1.0/user/auth HTTP/1.1" 200 139
INFO 2019-10-21 18:56:46,941 basehttp 124 "GET /api/v1.0/user HTTP/1.1" 200 191
INFO 2019-10-21 18:56:51,262 basehttp 124 "GET /api/v1.0/user/auth HTTP/1.1" 200 139
INFO 2019-10-21 18:57:13,664 basehttp 124 "GET /api/v1.0/user/auth HTTP/1.1" 200 139
INFO 2019-10-21 18:57:13,677 basehttp 124 "GET /api/v1.0/user/houses HTTP/1.1" 200 61
INFO 2019-10-21 18:57:14,405 basehttp 124 "GET /api/v1.0/user HTTP/1.1" 200 191
INFO 2019-10-21 18:57:20,069 basehttp 124 "GET /api/v1.0/user/auth HTTP/1.1" 200 139
INFO 2019-10-21 18:57:20,082 basehttp 124 "GET /api/v1.0/user/houses HTTP/1.1" 200 61
INFO 2019-10-21 18:57:28,609 basehttp 124 "GET /api/v1.0/user HTTP/1.1" 200 191
INFO 2019-10-21 18:57:32,392 basehttp 124 "GET /api/v1.0/houses/index HTTP/1.1" 200 1193
INFO 2019-10-21 18:57:32,395 basehttp 124 "GET /api/v1.0/areas HTTP/1.1" 200 719
INFO 2019-10-21 18:57:32,419 basehttp 124 "GET /api/v1.0/session HTTP/1.1" 200 93
INFO 2019-10-21 18:57:35,530 basehttp 124 "GET /api/v1.0/houses/index HTTP/1.1" 200 1193
INFO 2019-10-21 18:57:35,536 basehttp 124 "GET /api/v1.0/areas HTTP/1.1" 200 719
INFO 2019-10-21 18:57:35,558 basehttp 124 "GET /api/v1.0/session HTTP/1.1" 200 93
INFO 2019-10-21 18:57:42,647 basehttp 124 "GET /api/v1.0/user HTTP/1.1" 200 191
INFO 2019-10-21 18:57:45,569 basehttp 124 "GET /api/v1.0/user/auth HTTP/1.1" 200 139
INFO 2019-10-21 18:57:45,582 basehttp 124 "GET /api/v1.0/user/houses HTTP/1.1" 200 61
INFO 2019-10-21 18:58:27,032 basehttp 124 "GET /api/v1.0/user/auth HTTP/1.1" 200 139
INFO 2019-10-21 18:58:27,074 basehttp 124 "GET /api/v1.0/user/houses HTTP/1.1" 200 61
INFO 2019-10-21 18:58:27,081 basehttp 124 "GET /api/v1.0/user/houses HTTP/1.1" 200 61
INFO 2019-10-21 18:58:42,544 basehttp 124 "GET /api/v1.0/user/auth HTTP/1.1" 200 139
INFO 2019-10-21 18:58:42,593 basehttp 124 "GET /api/v1.0/user/houses HTTP/1.1" 200 64
INFO 2019-10-21 18:58:44,747 basehttp 124 "GET /api/v1.0/user/auth HTTP/1.1" 200 139
INFO 2019-10-21 18:58:44,796 basehttp 124 "GET /api/v1.0/user/houses HTTP/1.1" 200 64
INFO 2019-10-21 18:58:45,532 basehttp 124 "GET /api/v1.0/user HTTP/1.1" 200 191
INFO 2019-10-21 18:58:47,310 basehttp 124 "GET /api/v1.0/user/auth HTTP/1.1" 200 139
INFO 2019-10-21 18:58:47,355 basehttp 124 "GET /api/v1.0/user/houses HTTP/1.1" 200 64
INFO 2019-10-21 18:58:48,122 basehttp 124 "GET /api/v1.0/areas HTTP/1.1" 200 719
INFO 2019-10-21 18:59:12,059 basehttp 124 "OPTIONS /api/v1.0/houses HTTP/1.1" 200 0
INFO 2019-10-21 18:59:12,130 basehttp 124 "POST /api/v1.0/houses HTTP/1.1" 200 77
INFO 2019-10-21 18:59:15,930 basehttp 124 "POST /api/v1.0/houses/8/images HTTP/1.1" 200 55
INFO 2019-10-21 18:59:37,967 basehttp 124 "POST /api/v1.0/houses/8/images HTTP/1.1" 200 112
INFO 2019-10-21 18:59:42,725 basehttp 124 "GET /api/v1.0/user/auth HTTP/1.1" 200 139
INFO 2019-10-21 18:59:42,774 basehttp 124 "GET /api/v1.0/user/houses HTTP/1.1" 200 326
INFO 2019-10-21 18:59:43,279 basehttp 124 "GET /api/v1.0/user HTTP/1.1" 200 191
INFO 2019-10-21 18:59:43,976 basehttp 124 "GET /api/v1.0/areas HTTP/1.1" 200 719
INFO 2019-10-21 18:59:43,982 basehttp 124 "GET /api/v1.0/houses/index HTTP/1.1" 200 1193
INFO 2019-10-21 18:59:44,003 basehttp 124 "GET /api/v1.0/session HTTP/1.1" 200 93
INFO 2019-10-21 18:59:46,358 basehttp 124 "GET /api/v1.0/areas HTTP/1.1" 200 719
INFO 2019-10-21 18:59:46,362 basehttp 124 "GET /api/v1.0/houses/index HTTP/1.1" 200 1193
INFO 2019-10-21 18:59:46,385 basehttp 124 "GET /api/v1.0/session HTTP/1.1" 200 93
INFO 2019-10-21 18:59:46,880 basehttp 124 "GET /api/v1.0/houses/index HTTP/1.1" 200 1193
INFO 2019-10-21 18:59:46,883 basehttp 124 "GET /api/v1.0/areas HTTP/1.1" 200 719
INFO 2019-10-21 18:59:46,903 basehttp 124 "GET /api/v1.0/session HTTP/1.1" 200 93
INFO 2019-10-21 18:59:59,109 basehttp 124 "GET /api/v1.0/houses/index HTTP/1.1" 200 1193
INFO 2019-10-21 18:59:59,114 basehttp 124 "GET /api/v1.0/areas HTTP/1.1" 200 719
INFO 2019-10-21 18:59:59,129 basehttp 124 "GET /api/v1.0/session HTTP/1.1" 200 93
INFO 2019-10-21 18:59:59,466 basehttp 124 "GET /api/v1.0/areas HTTP/1.1" 200 719
INFO 2019-10-21 18:59:59,468 basehttp 124 "GET /api/v1.0/houses/index HTTP/1.1" 200 1193
INFO 2019-10-21 18:59:59,489 basehttp 124 "GET /api/v1.0/session HTTP/1.1" 200 93
INFO 2019-10-21 18:59:59,723 basehttp 124 "GET /api/v1.0/areas HTTP/1.1" 200 719
INFO 2019-10-21 18:59:59,730 basehttp 124 "GET /api/v1.0/houses/index HTTP/1.1" 200 1193
INFO 2019-10-21 18:59:59,747 basehttp 124 "GET /api/v1.0/session HTTP/1.1" 200 93
INFO 2019-10-21 19:00:00,079 basehttp 124 "GET /api/v1.0/houses/index HTTP/1.1" 200 1193
INFO 2019-10-21 19:00:00,086 basehttp 124 "GET /api/v1.0/areas HTTP/1.1" 200 719
INFO 2019-10-21 19:00:00,106 basehttp 124 "GET /api/v1.0/session HTTP/1.1" 200 93
INFO 2019-10-21 19:00:07,878 basehttp 124 "GET /api/v1.0/user HTTP/1.1" 200 191
INFO 2019-10-21 19:00:09,718 basehttp 124 "GET /api/v1.0/user/auth HTTP/1.1" 200 139
INFO 2019-10-21 19:00:09,768 basehttp 124 "GET /api/v1.0/user/houses HTTP/1.1" 200 326
INFO 2019-10-21 19:00:21,165 basehttp 124 "GET /api/v1.0/user HTTP/1.1" 200 191
INFO 2019-10-21 19:00:22,275 basehttp 124 "GET /api/v1.0/houses/index HTTP/1.1" 200 1193
INFO 2019-10-21 19:00:22,279 basehttp 124 "GET /api/v1.0/areas HTTP/1.1" 200 719
INFO 2019-10-21 19:00:22,302 basehttp 124 "GET /api/v1.0/session HTTP/1.1" 200 93
INFO 2019-10-21 19:00:26,145 basehttp 124 "GET /api/v1.0/areas HTTP/1.1" 200 719
INFO 2019-10-21 19:00:26,148 basehttp 124 "GET /api/v1.0/houses/index HTTP/1.1" 200 1193
INFO 2019-10-21 19:00:26,173 basehttp 124 "GET /api/v1.0/session HTTP/1.1" 200 93
INFO 2019-10-21 19:00:57,974 basehttp 124 "GET /api/v1.0/areas HTTP/1.1" 200 719
INFO 2019-10-21 19:00:57,979 basehttp 124 "GET /api/v1.0/houses/index HTTP/1.1" 200 1193
INFO 2019-10-21 19:00:58,000 basehttp 124 "GET /api/v1.0/session HTTP/1.1" 200 93
INFO 2019-10-21 19:23:10,239 basehttp 124 "GET /api/v1.0/areas HTTP/1.1" 200 719
INFO 2019-10-21 19:23:10,242 basehttp 124 "GET /api/v1.0/houses/index HTTP/1.1" 200 1193
INFO 2019-10-21 19:23:10,267 basehttp 124 "GET /api/v1.0/session HTTP/1.1" 200 93
INFO 2019-10-21 19:25:05,536 basehttp 124 "GET /api/v1.0/houses/6 HTTP/1.1" 200 573
INFO 2019-10-21 19:25:08,289 basehttp 124 "GET /api/v1.0/areas HTTP/1.1" 200 719
INFO 2019-10-21 19:25:08,291 basehttp 124 "GET /api/v1.0/houses/index HTTP/1.1" 200 1193
INFO 2019-10-21 19:25:08,316 basehttp 124 "GET /api/v1.0/session HTTP/1.1" 200 93
INFO 2019-10-21 19:28:07,066 basehttp 124 "GET /api/v1.0/areas HTTP/1.1" 200 719
INFO 2019-10-21 19:28:07,072 basehttp 124 "GET /api/v1.0/houses/index HTTP/1.1" 200 1193
INFO 2019-10-21 19:28:07,106 basehttp 124 "GET /api/v1.0/session HTTP/1.1" 200 93
INFO 2019-10-21 19:29:01,735 basehttp 124 "GET /api/v1.0/houses/index HTTP/1.1" 200 1193
INFO 2019-10-21 19:29:01,740 basehttp 124 "GET /api/v1.0/areas HTTP/1.1" 200 719
INFO 2019-10-21 19:29:01,762 basehttp 124 "GET /api/v1.0/session HTTP/1.1" 200 93
INFO 2019-10-21 19:29:27,954 basehttp 124 "GET /api/v1.0/areas HTTP/1.1" 200 719
INFO 2019-10-21 19:29:27,958 basehttp 124 "GET /api/v1.0/houses/index HTTP/1.1" 200 1193
INFO 2019-10-21 19:29:27,979 basehttp 124 "GET /api/v1.0/session HTTP/1.1" 200 93
INFO 2019-10-21 19:29:44,621 basehttp 124 "GET /api/v1.0/houses/index HTTP/1.1" 200 1193
INFO 2019-10-21 19:29:44,636 basehttp 124 "GET /api/v1.0/areas HTTP/1.1" 200 719
INFO 2019-10-21 19:29:44,656 basehttp 124 "GET /api/v1.0/session HTTP/1.1" 200 93
INFO 2019-10-21 19:30:32,789 basehttp 124 "GET /api/v1.0/houses/index HTTP/1.1" 200 1193
INFO 2019-10-21 19:30:32,797 basehttp 124 "GET /api/v1.0/areas HTTP/1.1" 200 719
INFO 2019-10-21 19:30:32,823 basehttp 124 "GET /api/v1.0/session HTTP/1.1" 200 93
INFO 2019-10-21 19:30:38,559 basehttp 124 "GET /api/v1.0/houses/index HTTP/1.1" 200 1193
INFO 2019-10-21 19:30:38,566 basehttp 124 "GET /api/v1.0/areas HTTP/1.1" 200 719
INFO 2019-10-21 19:30:38,595 basehttp 124 "GET /api/v1.0/session HTTP/1.1" 200 93
INFO 2019-10-21 19:30:50,378 basehttp 124 "GET /api/v1.0/user HTTP/1.1" 200 191
INFO 2019-10-21 19:31:36,537 basehttp 124 "GET /api/v1.0/orders?role=custom HTTP/1.1" 200 76
INFO 2019-10-21 19:31:37,470 basehttp 124 "GET /api/v1.0/user HTTP/1.1" 200 191
INFO 2019-10-21 19:31:38,871 basehttp 124 "GET /api/v1.0/orders?role=custom HTTP/1.1" 200 76
INFO 2019-10-21 19:31:40,477 basehttp 124 "GET /api/v1.0/user HTTP/1.1" 200 191
INFO 2019-10-21 19:31:49,903 basehttp 124 "GET /api/v1.0/user HTTP/1.1" 200 191
INFO 2019-10-21 19:31:51,122 basehttp 124 "POST /api/v1.0/user/avatar HTTP/1.1" 200 55
INFO 2019-10-21 19:31:57,022 basehttp 124 "POST /api/v1.0/user/avatar HTTP/1.1" 200 119
INFO 2019-10-21 19:31:57,754 basehttp 124 "GET /api/v1.0/user HTTP/1.1" 200 219
INFO 2019-10-21 19:31:59,153 basehttp 124 "GET /api/v1.0/orders?role=custom HTTP/1.1" 200 76
INFO 2019-10-21 19:32:01,211 basehttp 124 "GET /api/v1.0/user HTTP/1.1" 200 219
INFO 2019-10-21 19:32:04,224 basehttp 124 "GET /api/v1.0/houses/index HTTP/1.1" 200 1193
INFO 2019-10-21 19:32:04,233 basehttp 124 "GET /api/v1.0/areas HTTP/1.1" 200 719
INFO 2019-10-21 19:32:04,266 basehttp 124 "GET /api/v1.0/session HTTP/1.1" 200 93
INFO 2019-10-21 19:32:05,936 basehttp 124 "GET /api/v1.0/houses/5 HTTP/1.1" 200 868
INFO 2019-10-21 19:32:15,032 basehttp 124 "GET /api/v1.0/houses/index HTTP/1.1" 200 1193
INFO 2019-10-21 19:32:15,033 basehttp 124 "GET /api/v1.0/areas HTTP/1.1" 200 719
INFO 2019-10-21 19:32:15,057 basehttp 124 "GET /api/v1.0/session HTTP/1.1" 200 93
INFO 2019-10-21 19:32:17,111 basehttp 124 "GET /api/v1.0/houses/5 HTTP/1.1" 200 868
INFO 2019-10-21 19:32:21,697 basehttp 124 "GET /api/v1.0/houses/5 HTTP/1.1" 200 868
INFO 2019-10-21 19:32:27,261 basehttp 124 "OPTIONS /api/v1.0/orders HTTP/1.1" 200 0
INFO 2019-10-21 19:32:27,293 basehttp 124 "POST /api/v1.0/orders HTTP/1.1" 200 55
INFO 2019-10-21 19:32:39,758 basehttp 124 "GET /api/v1.0/houses/5 HTTP/1.1" 200 868
INFO 2019-10-21 19:32:47,866 basehttp 124 "POST /api/v1.0/orders HTTP/1.1" 200 55
INFO 2019-10-21 19:33:06,164 basehttp 124 "GET /api/v1.0/houses/index HTTP/1.1" 200 1193
INFO 2019-10-21 19:33:06,164 basehttp 124 "GET /api/v1.0/areas HTTP/1.1" 200 719
INFO 2019-10-21 19:33:06,201 basehttp 124 "GET /api/v1.0/session HTTP/1.1" 200 93
INFO 2019-10-21 19:33:21,064 basehttp 124 "GET /api/v1.0/houses/7 HTTP/1.1" 200 541
INFO 2019-10-21 19:33:22,611 basehttp 124 "GET /api/v1.0/houses/7 HTTP/1.1" 200 541
INFO 2019-10-21 19:33:26,348 basehttp 124 "OPTIONS /api/v1.0/orders HTTP/1.1" 200 0
INFO 2019-10-21 19:33:26,427 basehttp 124 "POST /api/v1.0/orders HTTP/1.1" 200 77
INFO 2019-10-21 19:33:26,584 basehttp 124 "GET /api/v1.0/orders?role=custom HTTP/1.1" 200 355
INFO 2019-10-21 19:33:28,217 basehttp 124 "GET /api/v1.0/user HTTP/1.1" 200 219
INFO 2019-10-21 19:33:29,077 basehttp 124 "GET /api/v1.0/houses/index HTTP/1.1" 200 1193
INFO 2019-10-21 19:33:29,081 basehttp 124 "GET /api/v1.0/areas HTTP/1.1" 200 719
INFO 2019-10-21 19:33:29,108 basehttp 124 "GET /api/v1.0/session HTTP/1.1" 200 93
INFO 2019-10-21 19:33:32,072 basehttp 124 "GET /api/v1.0/user HTTP/1.1" 200 219
INFO 2019-10-21 19:33:33,124 basehttp 124 "GET /api/v1.0/orders?role=custom HTTP/1.1" 200 355
INFO 2019-10-21 19:33:49,469 basehttp 124 "GET /api/v1.0/user HTTP/1.1" 200 219
INFO 2019-10-21 19:37:25,587 basehttp 124 "GET /api/v1.0/houses/index HTTP/1.1" 200 1193
INFO 2019-10-21 19:37:25,588 basehttp 124 "GET /api/v1.0/areas HTTP/1.1" 200 719
INFO 2019-10-21 19:37:25,597 basehttp 124 "GET /api/v1.0/session HTTP/1.1" 200 93
INFO 2019-10-21 19:37:30,123 basehttp 124 "GET /api/v1.0/houses/index HTTP/1.1" 200 1193
INFO 2019-10-21 19:37:30,124 basehttp 124 "GET /api/v1.0/areas HTTP/1.1" 200 719
INFO 2019-10-21 19:37:30,130 basehttp 124 "GET /api/v1.0/session HTTP/1.1" 200 93
INFO 2019-10-21 19:37:36,224 basehttp 124 "GET /api/v1.0/user HTTP/1.1" 200 219
INFO 2019-10-21 19:37:37,383 basehttp 124 "OPTIONS /api/v1.0/session HTTP/1.1" 200 0
INFO 2019-10-21 19:37:37,400 basehttp 124 "DELETE /api/v1.0/session HTTP/1.1" 200 52
INFO 2019-10-21 19:37:37,510 basehttp 124 "GET /api/v1.0/session HTTP/1.1" 200 61
INFO 2019-10-21 19:37:37,525 basehttp 124 "GET /api/v1.0/areas HTTP/1.1" 200 719
INFO 2019-10-21 19:37:37,525 basehttp 124 "GET /api/v1.0/houses/index HTTP/1.1" 200 1193
INFO 2019-10-21 19:37:39,943 views 43 图片验证码是：DJNU
INFO 2019-10-21 19:37:39,946 basehttp 124 "GET /api/v1.0/imagecode?cur=8da41bd2-740c-4fa5-a132-2df2a38bb95e&pre= HTTP/1.1" 200 3501
INFO 2019-10-21 19:38:05,741 basehttp 124 "OPTIONS /api/v1.0/sms HTTP/1.1" 200 0
INFO 2019-10-21 19:38:05,746 views 101 短信验证码是:890861
INFO 2019-10-21 19:38:05,747 basehttp 124 "POST /api/v1.0/sms HTTP/1.1" 200 64
INFO 2019-10-21 19:38:22,519 basehttp 124 "OPTIONS /api/v1.0/users HTTP/1.1" 200 0
INFO 2019-10-21 19:38:22,574 basehttp 124 "POST /api/v1.0/users HTTP/1.1" 200 52
INFO 2019-10-21 19:38:22,680 basehttp 124 "GET /api/v1.0/houses/index HTTP/1.1" 200 1193
INFO 2019-10-21 19:38:22,682 basehttp 124 "GET /api/v1.0/areas HTTP/1.1" 200 719
INFO 2019-10-21 19:38:22,687 basehttp 124 "GET /api/v1.0/session HTTP/1.1" 200 93
INFO 2019-10-21 19:38:36,172 basehttp 124 "GET /api/v1.0/user HTTP/1.1" 200 191
INFO 2019-10-21 19:38:42,410 basehttp 124 "OPTIONS /api/v1.0/session HTTP/1.1" 200 0
INFO 2019-10-21 19:38:42,432 basehttp 124 "DELETE /api/v1.0/session HTTP/1.1" 200 52
INFO 2019-10-21 19:38:42,542 basehttp 124 "GET /api/v1.0/session HTTP/1.1" 200 61
INFO 2019-10-21 19:38:42,546 basehttp 124 "GET /api/v1.0/houses/index HTTP/1.1" 200 1193
INFO 2019-10-21 19:38:42,548 basehttp 124 "GET /api/v1.0/areas HTTP/1.1" 200 719
INFO 2019-10-21 19:38:56,837 basehttp 124 "OPTIONS /api/v1.0/session HTTP/1.1" 200 0
INFO 2019-10-21 19:38:56,890 basehttp 124 "POST /api/v1.0/session HTTP/1.1" 200 52
INFO 2019-10-21 19:38:56,984 basehttp 124 "GET /api/v1.0/houses/index HTTP/1.1" 200 1193
INFO 2019-10-21 19:38:56,986 basehttp 124 "GET /api/v1.0/areas HTTP/1.1" 200 719
INFO 2019-10-21 19:38:56,992 basehttp 124 "GET /api/v1.0/session HTTP/1.1" 200 93
INFO 2019-10-21 19:39:05,062 basehttp 124 "GET /api/v1.0/user HTTP/1.1" 200 191
INFO 2019-10-21 19:39:10,435 basehttp 124 "GET /api/v1.0/user HTTP/1.1" 200 191
INFO 2019-10-21 19:39:21,420 basehttp 124 "POST /api/v1.0/user/avatar HTTP/1.1" 200 119
INFO 2019-10-21 19:39:28,098 basehttp 124 "OPTIONS /api/v1.0/user/name HTTP/1.1" 200 0
INFO 2019-10-21 19:39:28,115 basehttp 124 "PUT /api/v1.0/user/name HTTP/1.1" 200 52
INFO 2019-10-21 19:39:30,908 basehttp 124 "GET /api/v1.0/user HTTP/1.1" 200 214
INFO 2019-10-21 19:39:35,762 basehttp 124 "GET /api/v1.0/orders?role=custom HTTP/1.1" 200 76
INFO 2019-10-21 19:39:44,078 basehttp 124 "GET /api/v1.0/user HTTP/1.1" 200 214
INFO 2019-10-21 19:39:46,005 basehttp 124 "GET /api/v1.0/user/auth HTTP/1.1" 200 122
INFO 2019-10-21 19:39:59,675 basehttp 124 "OPTIONS /api/v1.0/user/auth HTTP/1.1" 200 0
INFO 2019-10-21 19:39:59,687 basehttp 124 "POST /api/v1.0/user/auth HTTP/1.1" 200 79
INFO 2019-10-21 19:40:06,211 basehttp 124 "OPTIONS /api/v1.0/user/auth HTTP/1.1" 200 0
INFO 2019-10-21 19:40:06,224 basehttp 124 "POST /api/v1.0/user/auth HTTP/1.1" 200 79
INFO 2019-10-21 19:40:17,971 basehttp 124 "OPTIONS /api/v1.0/user/auth HTTP/1.1" 200 0
INFO 2019-10-21 19:40:17,982 basehttp 124 "POST /api/v1.0/user/auth HTTP/1.1" 200 79
INFO 2019-10-21 19:41:45,757 basehttp 124 "GET /api/v1.0/user HTTP/1.1" 200 214
INFO 2019-10-21 19:41:47,152 basehttp 124 "GET /api/v1.0/user/auth HTTP/1.1" 200 122
INFO 2019-10-21 19:41:50,263 basehttp 124 "OPTIONS /api/v1.0/user/auth HTTP/1.1" 200 0
INFO 2019-10-21 19:41:50,278 basehttp 124 "POST /api/v1.0/user/auth HTTP/1.1" 200 76
INFO 2019-10-21 19:41:53,273 basehttp 124 "GET /api/v1.0/user HTTP/1.1" 200 214
INFO 2019-10-21 19:41:57,436 basehttp 124 "GET /api/v1.0/user/auth HTTP/1.1" 200 135
INFO 2019-10-21 19:42:00,812 basehttp 124 "GET /api/v1.0/user HTTP/1.1" 200 214
INFO 2019-10-21 19:42:02,234 basehttp 124 "GET /api/v1.0/user/auth HTTP/1.1" 200 135
INFO 2019-10-21 19:42:02,255 basehttp 124 "GET /api/v1.0/user/houses HTTP/1.1" 200 64
INFO 2019-10-21 19:42:03,756 basehttp 124 "GET /api/v1.0/areas HTTP/1.1" 200 719
INFO 2019-10-21 19:42:24,249 basehttp 124 "OPTIONS /api/v1.0/houses HTTP/1.1" 200 0
INFO 2019-10-21 19:42:24,278 basehttp 124 "POST /api/v1.0/houses HTTP/1.1" 200 77
INFO 2019-10-21 19:42:29,488 basehttp 124 "POST /api/v1.0/houses/9/images HTTP/1.1" 200 112
INFO 2019-10-21 19:42:36,946 basehttp 124 "GET /api/v1.0/user/auth HTTP/1.1" 200 135
INFO 2019-10-21 19:42:36,964 basehttp 124 "GET /api/v1.0/user/houses HTTP/1.1" 200 399
INFO 2019-10-21 19:42:42,392 basehttp 124 "GET /api/v1.0/user HTTP/1.1" 200 214
INFO 2019-10-21 19:42:48,192 basehttp 124 "GET /api/v1.0/user/auth HTTP/1.1" 200 135
INFO 2019-10-21 19:42:48,212 basehttp 124 "GET /api/v1.0/user/houses HTTP/1.1" 200 399
INFO 2019-10-21 19:42:52,124 basehttp 124 "GET /api/v1.0/user HTTP/1.1" 200 214
INFO 2019-10-21 19:42:53,969 basehttp 124 "GET /api/v1.0/orders?role=landlord HTTP/1.1" 200 76
INFO 2019-10-21 19:42:54,959 basehttp 124 "GET /api/v1.0/user HTTP/1.1" 200 214
INFO 2019-10-21 19:42:57,742 basehttp 124 "GET /api/v1.0/houses/index HTTP/1.1" 200 1193
INFO 2019-10-21 19:42:57,743 basehttp 124 "GET /api/v1.0/areas HTTP/1.1" 200 719
INFO 2019-10-21 19:42:57,749 basehttp 124 "GET /api/v1.0/session HTTP/1.1" 200 88
INFO 2019-10-21 19:43:02,068 basehttp 124 "GET /api/v1.0/houses/6 HTTP/1.1" 200 573
INFO 2019-10-21 19:43:07,228 basehttp 124 "GET /api/v1.0/houses/6 HTTP/1.1" 200 573
INFO 2019-10-21 19:43:12,040 basehttp 124 "OPTIONS /api/v1.0/orders HTTP/1.1" 200 0
INFO 2019-10-21 19:43:12,064 basehttp 124 "POST /api/v1.0/orders HTTP/1.1" 200 77
INFO 2019-10-21 19:43:12,182 basehttp 124 "GET /api/v1.0/orders?role=custom HTTP/1.1" 200 355
INFO 2019-10-21 19:43:20,423 basehttp 124 "GET /api/v1.0/user HTTP/1.1" 200 214
INFO 2019-10-21 19:43:26,323 basehttp 124 "GET /api/v1.0/houses/index HTTP/1.1" 200 1193
INFO 2019-10-21 19:43:26,324 basehttp 124 "GET /api/v1.0/areas HTTP/1.1" 200 719
INFO 2019-10-21 19:43:26,331 basehttp 124 "GET /api/v1.0/session HTTP/1.1" 200 88
INFO 2019-10-21 19:43:28,403 basehttp 124 "GET /api/v1.0/houses/5 HTTP/1.1" 200 868
INFO 2019-10-21 19:43:32,398 basehttp 124 "GET /api/v1.0/houses/5 HTTP/1.1" 200 868
INFO 2019-10-21 19:46:10,387 basehttp 124 "GET /api/v1.0/session HTTP/1.1" 200 61
INFO 2019-10-21 19:46:10,435 basehttp 124 "GET /api/v1.0/houses/5 HTTP/1.1" 200 868
INFO 2019-10-21 19:46:27,839 basehttp 124 "GET /api/v1.0/session HTTP/1.1" 200 88
INFO 2019-10-21 19:46:27,872 basehttp 124 "GET /api/v1.0/houses/5 HTTP/1.1" 200 868
INFO 2019-10-21 19:46:42,028 basehttp 124 "GET /api/v1.0/houses/5 HTTP/1.1" 200 868
INFO 2019-10-21 19:46:47,494 basehttp 124 "GET /api/v1.0/session HTTP/1.1" 200 88
INFO 2019-10-21 19:46:47,529 basehttp 124 "GET /api/v1.0/houses/5 HTTP/1.1" 200 868
INFO 2019-10-21 19:46:56,272 basehttp 124 "OPTIONS /api/v1.0/orders HTTP/1.1" 200 0
INFO 2019-10-21 19:46:56,288 basehttp 124 "POST /api/v1.0/orders HTTP/1.1" 200 73
INFO 2019-10-21 19:47:05,655 basehttp 124 "OPTIONS /api/v1.0/orders HTTP/1.1" 200 0
INFO 2019-10-21 19:47:05,671 basehttp 124 "POST /api/v1.0/orders HTTP/1.1" 200 73
INFO 2019-10-21 19:47:13,593 basehttp 124 "OPTIONS /api/v1.0/orders HTTP/1.1" 200 0
INFO 2019-10-21 19:47:13,614 basehttp 124 "POST /api/v1.0/orders HTTP/1.1" 200 77
INFO 2019-10-21 19:47:13,725 basehttp 124 "GET /api/v1.0/orders?role=custom HTTP/1.1" 200 649
INFO 2019-10-21 19:47:19,486 basehttp 124 "GET /api/v1.0/user HTTP/1.1" 200 214
INFO 2019-10-21 19:47:20,621 basehttp 124 "GET /api/v1.0/houses/index HTTP/1.1" 200 1193
INFO 2019-10-21 19:47:20,626 basehttp 124 "GET /api/v1.0/areas HTTP/1.1" 200 719
INFO 2019-10-21 19:47:20,629 basehttp 124 "GET /api/v1.0/session HTTP/1.1" 200 88
INFO 2019-10-21 19:47:23,379 basehttp 124 "GET /api/v1.0/user HTTP/1.1" 200 214
INFO 2019-10-21 19:47:26,512 basehttp 124 "GET /api/v1.0/orders?role=custom HTTP/1.1" 200 649
INFO 2019-10-21 19:47:30,096 basehttp 124 "GET /api/v1.0/user HTTP/1.1" 200 214
INFO 2019-10-21 19:47:32,753 basehttp 124 "GET /api/v1.0/orders?role=landlord HTTP/1.1" 200 76
INFO 2019-10-21 19:47:34,032 basehttp 124 "GET /api/v1.0/user HTTP/1.1" 200 214
INFO 2019-10-21 19:47:35,947 basehttp 124 "GET /api/v1.0/user/auth HTTP/1.1" 200 135
INFO 2019-10-21 19:47:35,969 basehttp 124 "GET /api/v1.0/user/houses HTTP/1.1" 200 399
INFO 2019-10-21 19:47:37,185 basehttp 124 "GET /api/v1.0/user HTTP/1.1" 200 214
INFO 2019-10-21 19:47:39,363 basehttp 124 "OPTIONS /api/v1.0/session HTTP/1.1" 200 0
INFO 2019-10-21 19:47:39,380 basehttp 124 "DELETE /api/v1.0/session HTTP/1.1" 200 52
INFO 2019-10-21 19:47:39,488 basehttp 124 "GET /api/v1.0/session HTTP/1.1" 200 61
INFO 2019-10-21 19:47:39,500 basehttp 124 "GET /api/v1.0/houses/index HTTP/1.1" 200 1193
INFO 2019-10-21 19:47:39,501 basehttp 124 "GET /api/v1.0/areas HTTP/1.1" 200 719
INFO 2019-10-21 19:47:48,997 basehttp 124 "OPTIONS /api/v1.0/session HTTP/1.1" 200 0
INFO 2019-10-21 19:47:49,056 basehttp 124 "POST /api/v1.0/session HTTP/1.1" 200 52
INFO 2019-10-21 19:47:49,155 basehttp 124 "GET /api/v1.0/houses/index HTTP/1.1" 200 1193
INFO 2019-10-21 19:47:49,155 basehttp 124 "GET /api/v1.0/areas HTTP/1.1" 200 719
INFO 2019-10-21 19:47:49,161 basehttp 124 "GET /api/v1.0/session HTTP/1.1" 200 88
INFO 2019-10-21 19:47:59,794 basehttp 124 "GET /api/v1.0/houses/6 HTTP/1.1" 200 573
INFO 2019-10-21 19:48:03,005 basehttp 124 "GET /api/v1.0/houses/index HTTP/1.1" 200 1193
INFO 2019-10-21 19:48:03,006 basehttp 124 "GET /api/v1.0/areas HTTP/1.1" 200 719
INFO 2019-10-21 19:48:03,011 basehttp 124 "GET /api/v1.0/session HTTP/1.1" 200 88
INFO 2019-10-21 19:48:07,022 basehttp 124 "GET /api/v1.0/user HTTP/1.1" 200 214
INFO 2019-10-21 19:48:08,931 basehttp 124 "GET /api/v1.0/orders?role=custom HTTP/1.1" 200 76
INFO 2019-10-21 19:48:10,033 basehttp 124 "GET /api/v1.0/user HTTP/1.1" 200 214
INFO 2019-10-21 19:48:11,210 basehttp 124 "GET /api/v1.0/orders?role=landlord HTTP/1.1" 200 1850
INFO 2019-10-21 19:48:19,844 basehttp 124 "OPTIONS /api/v1.0/orders/6/status HTTP/1.1" 200 0
INFO 2019-10-21 19:48:19,867 basehttp 124 "PUT /api/v1.0/orders/6/status HTTP/1.1" 200 30
INFO 2019-10-21 19:48:24,082 basehttp 124 "GET /api/v1.0/user HTTP/1.1" 200 214
INFO 2019-10-21 19:48:25,025 basehttp 124 "GET /api/v1.0/houses/index HTTP/1.1" 200 1193
INFO 2019-10-21 19:48:25,025 basehttp 124 "GET /api/v1.0/areas HTTP/1.1" 200 719
INFO 2019-10-21 19:48:25,031 basehttp 124 "GET /api/v1.0/session HTTP/1.1" 200 88
INFO 2019-10-21 19:48:35,693 basehttp 124 "GET /api/v1.0/areas HTTP/1.1" 200 719
INFO 2019-10-21 19:48:40,119 basehttp 124 "GET /api/v1.0/houses/index HTTP/1.1" 200 1193
INFO 2019-10-21 19:48:40,121 basehttp 124 "GET /api/v1.0/areas HTTP/1.1" 200 719
INFO 2019-10-21 19:48:40,127 basehttp 124 "GET /api/v1.0/session HTTP/1.1" 200 88
INFO 2019-10-21 19:48:41,357 basehttp 124 "GET /api/v1.0/areas HTTP/1.1" 200 719
INFO 2019-10-21 19:48:46,820 basehttp 124 "GET /api/v1.0/houses/index HTTP/1.1" 200 1193
INFO 2019-10-21 19:48:46,822 basehttp 124 "GET /api/v1.0/areas HTTP/1.1" 200 719
INFO 2019-10-21 19:48:46,828 basehttp 124 "GET /api/v1.0/session HTTP/1.1" 200 88
INFO 2019-10-21 19:48:48,438 basehttp 124 "GET /api/v1.0/areas HTTP/1.1" 200 719
INFO 2019-10-21 19:49:15,169 basehttp 124 "GET /api/v1.0/areas HTTP/1.1" 200 719
INFO 2019-10-21 19:49:16,041 basehttp 124 "GET /api/v1.0/areas HTTP/1.1" 200 719
INFO 2019-10-21 19:49:16,611 basehttp 124 "GET /api/v1.0/areas HTTP/1.1" 200 719
INFO 2019-10-21 19:49:17,700 basehttp 124 "GET /api/v1.0/houses/index HTTP/1.1" 200 1193
INFO 2019-10-21 19:49:17,704 basehttp 124 "GET /api/v1.0/areas HTTP/1.1" 200 719
INFO 2019-10-21 19:49:17,710 basehttp 124 "GET /api/v1.0/session HTTP/1.1" 200 88
INFO 2019-10-21 19:49:21,213 basehttp 124 "GET /api/v1.0/houses/index HTTP/1.1" 200 1193
INFO 2019-10-21 19:49:21,215 basehttp 124 "GET /api/v1.0/areas HTTP/1.1" 200 719
INFO 2019-10-21 19:49:21,220 basehttp 124 "GET /api/v1.0/session HTTP/1.1" 200 88
INFO 2019-10-21 19:49:27,681 basehttp 124 "GET /api/v1.0/areas HTTP/1.1" 200 719
INFO 2019-10-21 19:49:44,358 basehttp 124 "GET /api/v1.0/areas HTTP/1.1" 200 719
INFO 2019-10-21 19:50:11,208 basehttp 124 "GET /api/v1.0/areas HTTP/1.1" 200 719
INFO 2019-10-21 19:50:28,811 basehttp 124 "GET /api/v1.0/areas HTTP/1.1" 200 719
INFO 2019-10-21 19:50:28,849 basehttp 124 "OPTIONS /api/v1.0/houses?{%22aid%22:%22%22,%22sd%22:%22%22,%22ed%22:%22%22,%22sk%22:%22new%22,%22p%22:1} HTTP/1.1" 200 0
INFO 2019-10-21 19:50:28,876 basehttp 124 "GET /api/v1.0/houses?{%22aid%22:%22%22,%22sd%22:%22%22,%22ed%22:%22%22,%22sk%22:%22new%22,%22p%22:1} HTTP/1.1" 200 731
INFO 2019-10-21 19:50:34,036 basehttp 124 "GET /api/v1.0/houses/index HTTP/1.1" 200 1193
INFO 2019-10-21 19:50:34,037 basehttp 124 "GET /api/v1.0/areas HTTP/1.1" 200 719
INFO 2019-10-21 19:50:34,044 basehttp 124 "GET /api/v1.0/session HTTP/1.1" 200 88
INFO 2019-10-21 19:50:36,108 basehttp 124 "GET /api/v1.0/areas HTTP/1.1" 200 719
INFO 2019-10-21 19:50:36,145 basehttp 124 "OPTIONS /api/v1.0/houses?{%22aid%22:%22%22,%22sd%22:%22%22,%22ed%22:%22%22,%22sk%22:%22new%22,%22p%22:1} HTTP/1.1" 200 0
INFO 2019-10-21 19:50:36,153 basehttp 124 "GET /api/v1.0/houses?{%22aid%22:%22%22,%22sd%22:%22%22,%22ed%22:%22%22,%22sk%22:%22new%22,%22p%22:1} HTTP/1.1" 200 731
INFO 2019-10-21 19:50:50,105 basehttp 124 "GET /api/v1.0/houses/index HTTP/1.1" 200 1193
INFO 2019-10-21 19:50:50,106 basehttp 124 "GET /api/v1.0/areas HTTP/1.1" 200 719
INFO 2019-10-21 19:50:50,112 basehttp 124 "GET /api/v1.0/session HTTP/1.1" 200 88
INFO 2019-10-21 19:51:26,276 basehttp 124 "GET /api/v1.0/areas HTTP/1.1" 200 719
INFO 2019-10-21 19:51:26,314 basehttp 124 "OPTIONS /api/v1.0/houses?{%22aid%22:%22%22,%22sd%22:%22%22,%22ed%22:%22%22,%22sk%22:%22new%22,%22p%22:1} HTTP/1.1" 200 0
INFO 2019-10-21 19:51:26,323 basehttp 124 "GET /api/v1.0/houses?{%22aid%22:%22%22,%22sd%22:%22%22,%22ed%22:%22%22,%22sk%22:%22new%22,%22p%22:1} HTTP/1.1" 200 731
INFO 2019-10-21 19:51:31,132 basehttp 124 "GET /api/v1.0/houses/index HTTP/1.1" 200 1193
INFO 2019-10-21 19:51:31,134 basehttp 124 "GET /api/v1.0/areas HTTP/1.1" 200 719
INFO 2019-10-21 19:51:31,140 basehttp 124 "GET /api/v1.0/session HTTP/1.1" 200 88
INFO 2019-10-21 19:53:00,455 basehttp 124 "GET /api/v1.0/houses/index HTTP/1.1" 200 1193
INFO 2019-10-21 19:53:00,459 basehttp 124 "GET /api/v1.0/areas HTTP/1.1" 200 719
INFO 2019-10-21 19:53:00,498 basehttp 124 "GET /api/v1.0/session HTTP/1.1" 200 88
INFO 2019-10-21 19:53:04,457 basehttp 124 "GET /api/v1.0/areas HTTP/1.1" 200 719
INFO 2019-10-21 19:53:04,489 basehttp 124 "OPTIONS /api/v1.0/houses?{%22aid%22:%22%22,%22sd%22:%22%22,%22ed%22:%22%22,%22sk%22:%22new%22,%22p%22:1} HTTP/1.1" 200 0
INFO 2019-10-21 19:53:23,240 basehttp 124 "GET /api/v1.0/houses?{%22aid%22:%22%22,%22sd%22:%22%22,%22ed%22:%22%22,%22sk%22:%22new%22,%22p%22:1} HTTP/1.1" 200 731
INFO 2019-10-21 19:53:31,993 basehttp 124 "GET /api/v1.0/session HTTP/1.1" 200 61
INFO 2019-10-21 19:53:32,078 basehttp 124 "GET /api/v1.0/areas HTTP/1.1" 200 719
INFO 2019-10-21 19:53:32,122 basehttp 124 "GET /api/v1.0/houses/index HTTP/1.1" 200 1855
INFO 2019-10-21 19:53:33,084 basehttp 124 "GET /api/v1.0/areas HTTP/1.1" 200 719
INFO 2019-10-21 19:53:33,115 basehttp 124 "OPTIONS /api/v1.0/houses?{%22aid%22:%22%22,%22sd%22:%22%22,%22ed%22:%22%22,%22sk%22:%22new%22,%22p%22:1} HTTP/1.1" 200 0
INFO 2019-10-21 19:54:25,059 basehttp 124 "GET /api/v1.0/houses?{%22aid%22:%22%22,%22sd%22:%22%22,%22ed%22:%22%22,%22sk%22:%22new%22,%22p%22:1} HTTP/1.1" 200 731
INFO 2019-10-21 19:54:28,408 basehttp 124 "GET /api/v1.0/session HTTP/1.1" 200 61
INFO 2019-10-21 19:54:28,437 basehttp 124 "GET /api/v1.0/houses/index HTTP/1.1" 200 1855
INFO 2019-10-21 19:54:28,439 basehttp 124 "GET /api/v1.0/areas HTTP/1.1" 200 719
INFO 2019-10-21 19:54:29,348 basehttp 124 "GET /api/v1.0/areas HTTP/1.1" 200 719
INFO 2019-10-21 19:54:29,402 basehttp 124 "OPTIONS /api/v1.0/houses?{%22aid%22:%22%22,%22sd%22:%22%22,%22ed%22:%22%22,%22sk%22:%22new%22,%22p%22:1} HTTP/1.1" 200 0
INFO 2019-10-21 19:54:29,420 basehttp 124 "GET /api/v1.0/houses?{%22aid%22:%22%22,%22sd%22:%22%22,%22ed%22:%22%22,%22sk%22:%22new%22,%22p%22:1} HTTP/1.1" 200 731
INFO 2019-10-21 19:54:54,575 basehttp 124 "GET /api/v1.0/session HTTP/1.1" 200 61
INFO 2019-10-21 19:54:54,601 basehttp 124 "GET /api/v1.0/areas HTTP/1.1" 200 719
INFO 2019-10-21 19:54:54,604 basehttp 124 "GET /api/v1.0/houses/index HTTP/1.1" 200 1855
INFO 2019-10-21 19:54:57,112 basehttp 124 "GET /api/v1.0/areas HTTP/1.1" 200 719
INFO 2019-10-21 19:54:57,147 basehttp 124 "OPTIONS /api/v1.0/houses?{%22aid%22:%22%22,%22sd%22:%22%22,%22ed%22:%22%22,%22sk%22:%22new%22,%22p%22:1} HTTP/1.1" 200 0
INFO 2019-10-21 19:55:33,814 basehttp 124 "GET /api/v1.0/houses?{%22aid%22:%22%22,%22sd%22:%22%22,%22ed%22:%22%22,%22sk%22:%22new%22,%22p%22:1} HTTP/1.1" 200 731
INFO 2019-10-21 19:55:41,848 basehttp 124 "GET /api/v1.0/session HTTP/1.1" 200 61
INFO 2019-10-21 19:55:41,911 basehttp 124 "GET /api/v1.0/areas HTTP/1.1" 200 719
INFO 2019-10-21 19:55:41,978 basehttp 124 "GET /api/v1.0/houses/index HTTP/1.1" 200 1855
INFO 2019-10-21 19:55:56,380 basehttp 124 "GET /api/v1.0/areas HTTP/1.1" 200 719
INFO 2019-10-21 19:55:56,392 basehttp 124 "OPTIONS /api/v1.0/houses?{%22aid%22:%22%22,%22sd%22:%22%22,%22ed%22:%22%22,%22sk%22:%22new%22,%22p%22:1} HTTP/1.1" 200 0
INFO 2019-10-21 19:57:19,411 basehttp 124 "GET /api/v1.0/houses?{%22aid%22:%22%22,%22sd%22:%22%22,%22ed%22:%22%22,%22sk%22:%22new%22,%22p%22:1} HTTP/1.1" 200 731
INFO 2019-10-21 20:00:14,604 basehttp 124 "GET /api/v1.0/session HTTP/1.1" 200 61
INFO 2019-10-21 20:00:14,631 basehttp 124 "GET /api/v1.0/areas HTTP/1.1" 200 719
INFO 2019-10-21 20:00:14,724 basehttp 124 "GET /api/v1.0/houses/index HTTP/1.1" 200 1855
INFO 2019-10-21 20:00:16,578 basehttp 124 "GET /api/v1.0/areas HTTP/1.1" 200 719
INFO 2019-10-21 20:00:16,611 basehttp 124 "OPTIONS /api/v1.0/houses?{%22aid%22:%22%22,%22sd%22:%22%22,%22ed%22:%22%22,%22sk%22:%22new%22,%22p%22:1} HTTP/1.1" 200 0
INFO 2019-10-21 20:00:16,629 basehttp 124 "GET /api/v1.0/houses?{%22aid%22:%22%22,%22sd%22:%22%22,%22ed%22:%22%22,%22sk%22:%22new%22,%22p%22:1} HTTP/1.1" 200 731
INFO 2019-10-21 20:01:02,528 basehttp 124 "OPTIONS /api/v1.0/houses?{%22aid%22:%223%22,%22sd%22:%22%22,%22ed%22:%22%22,%22sk%22:%22new%22,%22p%22:1} HTTP/1.1" 200 0
INFO 2019-10-21 20:01:02,541 basehttp 124 "GET /api/v1.0/houses?{%22aid%22:%223%22,%22sd%22:%22%22,%22ed%22:%22%22,%22sk%22:%22new%22,%22p%22:1} HTTP/1.1" 200 731
INFO 2019-10-21 20:01:05,709 basehttp 124 "OPTIONS /api/v1.0/houses?{%22aid%22:%223%22,%22sd%22:%22%22,%22ed%22:%22%22,%22sk%22:%22booking%22,%22p%22:1} HTTP/1.1" 200 0
INFO 2019-10-21 20:01:05,723 basehttp 124 "GET /api/v1.0/houses?{%22aid%22:%223%22,%22sd%22:%22%22,%22ed%22:%22%22,%22sk%22:%22booking%22,%22p%22:1} HTTP/1.1" 200 731
INFO 2019-10-21 20:01:11,232 basehttp 124 "OPTIONS /api/v1.0/houses?{%22aid%22:%223%22,%22sd%22:%222019-10-23%22,%22ed%22:%222019-10-25%22,%22sk%22:%22booking%22,%22p%22:1} HTTP/1.1" 200 0
INFO 2019-10-21 20:01:11,245 basehttp 124 "GET /api/v1.0/houses?{%22aid%22:%223%22,%22sd%22:%222019-10-23%22,%22ed%22:%222019-10-25%22,%22sk%22:%22booking%22,%22p%22:1} HTTP/1.1" 200 731
INFO 2019-10-21 20:01:21,812 basehttp 124 "GET /api/v1.0/session HTTP/1.1" 200 61
INFO 2019-10-21 20:01:21,819 basehttp 124 "GET /api/v1.0/houses/index HTTP/1.1" 200 1855
INFO 2019-10-21 20:01:21,834 basehttp 124 "GET /api/v1.0/areas HTTP/1.1" 200 719
INFO 2019-10-21 20:01:43,410 basehttp 124 "GET /api/v1.0/areas HTTP/1.1" 200 719
INFO 2019-10-21 20:01:48,014 basehttp 124 "OPTIONS /api/v1.0/houses?{%22aid%22:%22%22,%22sd%22:%22%22,%22ed%22:%22%22,%22sk%22:%22new%22,%22p%22:1} HTTP/1.1" 200 0
INFO 2019-10-21 20:01:49,824 basehttp 124 "GET /api/v1.0/houses?{%22aid%22:%22%22,%22sd%22:%22%22,%22ed%22:%22%22,%22sk%22:%22new%22,%22p%22:1} HTTP/1.1" 200 731
INFO 2019-10-21 20:06:28,744 basehttp 124 "GET /api/v1.0/areas HTTP/1.1" 200 719
INFO 2019-10-21 20:06:28,781 basehttp 124 "OPTIONS /api/v1.0/houses?aid=&sd=&ed=&sk=new&p=1 HTTP/1.1" 200 0
INFO 2019-10-21 20:06:28,796 basehttp 124 "GET /api/v1.0/houses?aid=&sd=&ed=&sk=new&p=1 HTTP/1.1" 200 731
INFO 2019-10-21 20:06:30,348 basehttp 124 "GET /api/v1.0/areas HTTP/1.1" 200 719
INFO 2019-10-21 20:06:30,387 basehttp 124 "OPTIONS /api/v1.0/houses?aid=&sd=&ed=&sk=new&p=1 HTTP/1.1" 200 0
INFO 2019-10-21 20:06:30,404 basehttp 124 "GET /api/v1.0/houses?aid=&sd=&ed=&sk=new&p=1 HTTP/1.1" 200 731
INFO 2019-10-21 20:07:55,869 basehttp 124 "GET /api/v1.0/areas HTTP/1.1" 200 719
INFO 2019-10-21 20:07:55,904 basehttp 124 "GET /api/v1.0/houses?aid=&sd=&ed=&sk=new&p=1 HTTP/1.1" 200 731
INFO 2019-10-21 20:07:57,572 basehttp 124 "GET /api/v1.0/areas HTTP/1.1" 200 719
INFO 2019-10-21 20:07:57,616 basehttp 124 "GET /api/v1.0/houses?aid=&sd=&ed=&sk=new&p=1 HTTP/1.1" 200 731
INFO 2019-10-21 20:08:06,998 basehttp 124 "GET /api/v1.0/session HTTP/1.1" 200 61
INFO 2019-10-21 20:08:07,016 basehttp 124 "GET /api/v1.0/houses/index HTTP/1.1" 200 1855
INFO 2019-10-21 20:08:07,019 basehttp 124 "GET /api/v1.0/areas HTTP/1.1" 200 719
INFO 2019-10-21 20:08:12,707 basehttp 124 "GET /api/v1.0/areas HTTP/1.1" 200 719
INFO 2019-10-21 20:08:12,748 basehttp 124 "GET /api/v1.0/houses?aid=&sd=&ed=&sk=new&p=1 HTTP/1.1" 200 731
INFO 2019-10-21 20:08:46,995 basehttp 124 "GET /api/v1.0/session HTTP/1.1" 200 61
INFO 2019-10-21 20:08:46,996 basehttp 124 "GET /api/v1.0/houses/index HTTP/1.1" 200 1855
INFO 2019-10-21 20:08:47,012 basehttp 124 "GET /api/v1.0/areas HTTP/1.1" 200 719
INFO 2019-10-21 20:08:49,787 basehttp 124 "GET /api/v1.0/areas HTTP/1.1" 200 719
INFO 2019-10-21 20:08:49,810 basehttp 124 "GET /api/v1.0/houses?aid=&sd=&ed=&sk=new&p=1 HTTP/1.1" 200 731
INFO 2019-10-21 20:08:51,581 basehttp 124 "GET /api/v1.0/houses?aid=&sd=&ed=&sk=new&p=2 HTTP/1.1" 200 791
INFO 2019-10-21 20:08:52,818 basehttp 124 "GET /api/v1.0/houses?aid=&sd=&ed=&sk=new&p=3 HTTP/1.1" 200 500
INFO 2019-10-21 20:09:04,499 basehttp 124 "GET /api/v1.0/session HTTP/1.1" 200 61
INFO 2019-10-21 20:09:04,506 basehttp 124 "GET /api/v1.0/houses/index HTTP/1.1" 200 1855
INFO 2019-10-21 20:09:04,509 basehttp 124 "GET /api/v1.0/areas HTTP/1.1" 200 719
INFO 2019-10-21 20:09:09,885 basehttp 124 "GET /api/v1.0/areas HTTP/1.1" 200 719
INFO 2019-10-21 20:09:09,942 basehttp 124 "GET /api/v1.0/houses?aid=&sd=&ed=&sk=new&p=1 HTTP/1.1" 200 731
INFO 2019-10-21 20:09:12,928 basehttp 124 "GET /api/v1.0/session HTTP/1.1" 200 61
INFO 2019-10-21 20:09:12,947 basehttp 124 "GET /api/v1.0/houses/index HTTP/1.1" 200 1855
INFO 2019-10-21 20:09:12,951 basehttp 124 "GET /api/v1.0/areas HTTP/1.1" 200 719
INFO 2019-10-21 20:09:17,900 basehttp 124 "GET /api/v1.0/areas HTTP/1.1" 200 719
INFO 2019-10-21 20:09:17,943 basehttp 124 "GET /api/v1.0/houses?aid=&sd=&ed=&sk=new&p=1 HTTP/1.1" 200 731
INFO 2019-10-21 20:09:19,611 basehttp 124 "GET /api/v1.0/areas HTTP/1.1" 200 719
INFO 2019-10-21 20:09:19,656 basehttp 124 "GET /api/v1.0/houses?aid=&sd=&ed=&sk=new&p=1 HTTP/1.1" 200 731
INFO 2019-10-21 20:09:25,605 basehttp 124 "GET /api/v1.0/houses?aid=&sd=&ed=&sk=new&p=2 HTTP/1.1" 200 791
INFO 2019-10-21 20:09:26,089 basehttp 124 "GET /api/v1.0/houses?aid=&sd=&ed=&sk=new&p=3 HTTP/1.1" 200 500
INFO 2019-10-21 20:09:37,633 basehttp 124 "GET /api/v1.0/session HTTP/1.1" 200 61
INFO 2019-10-21 20:09:37,658 basehttp 124 "GET /api/v1.0/houses/index HTTP/1.1" 200 1855
INFO 2019-10-21 20:09:37,661 basehttp 124 "GET /api/v1.0/areas HTTP/1.1" 200 719
INFO 2019-10-21 20:09:39,427 basehttp 124 "GET /api/v1.0/areas HTTP/1.1" 200 719
INFO 2019-10-21 20:09:39,470 basehttp 124 "GET /api/v1.0/houses?aid=&sd=&ed=&sk=new&p=1 HTTP/1.1" 200 731
INFO 2019-10-21 20:09:41,950 basehttp 124 "GET /api/v1.0/areas HTTP/1.1" 200 719
INFO 2019-10-21 20:09:42,005 basehttp 124 "GET /api/v1.0/houses?aid=&sd=&ed=&sk=new&p=1 HTTP/1.1" 200 731
INFO 2019-10-21 20:09:44,000 basehttp 124 "GET /api/v1.0/areas HTTP/1.1" 200 719
INFO 2019-10-21 20:09:44,058 basehttp 124 "GET /api/v1.0/houses?aid=&sd=&ed=&sk=new&p=1 HTTP/1.1" 200 731
INFO 2019-10-21 20:09:45,084 basehttp 124 "GET /api/v1.0/areas HTTP/1.1" 200 719
INFO 2019-10-21 20:09:45,130 basehttp 124 "GET /api/v1.0/houses?aid=&sd=&ed=&sk=new&p=1 HTTP/1.1" 200 731
INFO 2019-10-21 20:09:46,693 basehttp 124 "GET /api/v1.0/areas HTTP/1.1" 200 719
INFO 2019-10-21 20:09:46,733 basehttp 124 "GET /api/v1.0/houses?aid=&sd=&ed=&sk=new&p=1 HTTP/1.1" 200 731
INFO 2019-10-21 20:10:02,466 basehttp 124 "GET /api/v1.0/houses?aid=&sd=&ed=&sk=new&p=2 HTTP/1.1" 200 791
INFO 2019-10-21 20:10:02,491 basehttp 124 "GET /api/v1.0/houses?aid=&sd=&ed=&sk=new&p=3 HTTP/1.1" 200 500
